<?xml version="1.0" encoding="UTF-8"?>
<testng-results total="7" passed="0" failed="1" skipped="6">
  <reporter-output>
  </reporter-output>
  <suite started-at="2021-12-30T03:52:02Z" name="Default suite" finished-at="2021-12-30T03:52:07Z" duration-ms="4677">
    <groups>
    </groups>
    <test started-at="2021-12-30T03:52:02Z" name="Default test" finished-at="2021-12-30T03:52:07Z" duration-ms="4677">
      <class name="stepdefinitions.Login">
        <test-method is-config="true" signature="BrowserLaunch(java.lang.String)[pri:0, instance:stepdefinitions.Login@55cf0d14]" started-at="2021-12-29T22:52:02Z" name="BrowserLaunch" finished-at="2021-12-29T22:52:04Z" duration-ms="2137" status="PASS">
          <params>
            <param index="0">
              <value>
                <![CDATA[chrome]]>
              </value>
            </param>
          </params>
          <reporter-output>
          </reporter-output>
        </test-method> <!-- BrowserLaunch -->
        <test-method signature="tc_001_launch_TDD_application()[pri:0, instance:stepdefinitions.Login@55cf0d14]" started-at="2021-12-29T22:52:04Z" name="tc_001_launch_TDD_application" finished-at="2021-12-29T22:52:07Z" duration-ms="2477" status="FAIL">
          <exception class="org.openqa.selenium.WebDriverException">
            <message>
              <![CDATA[unknown error: cannot determine loading status
from unknown error: cannot determine loading status
from disconnected: Unable to receive message from renderer
  (Session info: chrome=96.0.4664.110)
Build info: version: '3.141.59', revision: 'e82be7d358', time: '2018-11-14T08:17:03'
System info: host: 'Josephs-MBP', ip: 'fe80:0:0:0:106a:1a69:27d3:cd6d%en0', os.name: 'Mac OS X', os.arch: 'x86_64', os.version: '10.16', java.version: '11.0.11'
Driver info: org.openqa.selenium.chrome.ChromeDriver
Capabilities {acceptInsecureCerts: false, browserName: chrome, browserVersion: 96.0.4664.110, chrome: {chromedriverVersion: 96.0.4664.45 (76e4c1bb2ab46..., userDataDir: /var/folders/n9/7mrk55ps2qq...}, goog:chromeOptions: {debuggerAddress: localhost:52784}, javascriptEnabled: true, networkConnectionEnabled: false, pageLoadStrategy: normal, platform: MAC, platformName: MAC, proxy: Proxy(), setWindowRect: true, strictFileInteractability: false, timeouts: {implicit: 0, pageLoad: 300000, script: 30000}, unhandledPromptBehavior: dismiss and notify, webauthn:extension:credBlob: true, webauthn:extension:largeBlob: true, webauthn:virtualAuthenticators: true}
Session ID: 7adc30f48ff525d5b5383089849bc0b5]]>
            </message>
            <full-stacktrace>
              <![CDATA[org.openqa.selenium.WebDriverException: unknown error: cannot determine loading status
from unknown error: cannot determine loading status
from disconnected: Unable to receive message from renderer
  (Session info: chrome=96.0.4664.110)
Build info: version: '3.141.59', revision: 'e82be7d358', time: '2018-11-14T08:17:03'
System info: host: 'Josephs-MBP', ip: 'fe80:0:0:0:106a:1a69:27d3:cd6d%en0', os.name: 'Mac OS X', os.arch: 'x86_64', os.version: '10.16', java.version: '11.0.11'
Driver info: org.openqa.selenium.chrome.ChromeDriver
Capabilities {acceptInsecureCerts: false, browserName: chrome, browserVersion: 96.0.4664.110, chrome: {chromedriverVersion: 96.0.4664.45 (76e4c1bb2ab46..., userDataDir: /var/folders/n9/7mrk55ps2qq...}, goog:chromeOptions: {debuggerAddress: localhost:52784}, javascriptEnabled: true, networkConnectionEnabled: false, pageLoadStrategy: normal, platform: MAC, platformName: MAC, proxy: Proxy(), setWindowRect: true, strictFileInteractability: false, timeouts: {implicit: 0, pageLoad: 300000, script: 30000}, unhandledPromptBehavior: dismiss and notify, webauthn:extension:credBlob: true, webauthn:extension:largeBlob: true, webauthn:virtualAuthenticators: true}
Session ID: 7adc30f48ff525d5b5383089849bc0b5
	at java.base/jdk.internal.reflect.NativeConstructorAccessorImpl.newInstance0(Native Method)
	at java.base/jdk.internal.reflect.NativeConstructorAccessorImpl.newInstance(NativeConstructorAccessorImpl.java:62)
	at java.base/jdk.internal.reflect.DelegatingConstructorAccessorImpl.newInstance(DelegatingConstructorAccessorImpl.java:45)
	at java.base/java.lang.reflect.Constructor.newInstance(Constructor.java:490)
	at org.openqa.selenium.remote.http.W3CHttpResponseCodec.createException(W3CHttpResponseCodec.java:187)
	at org.openqa.selenium.remote.http.W3CHttpResponseCodec.decode(W3CHttpResponseCodec.java:122)
	at org.openqa.selenium.remote.http.W3CHttpResponseCodec.decode(W3CHttpResponseCodec.java:49)
	at org.openqa.selenium.remote.HttpCommandExecutor.execute(HttpCommandExecutor.java:158)
	at org.openqa.selenium.remote.service.DriverCommandExecutor.execute(DriverCommandExecutor.java:83)
	at org.openqa.selenium.remote.RemoteWebDriver.execute(RemoteWebDriver.java:552)
	at org.openqa.selenium.remote.RemoteWebDriver.get(RemoteWebDriver.java:277)
	at stepdefinitions.Login.tc_001_launch_TDD_application(Login.java:20)
	at java.base/jdk.internal.reflect.NativeMethodAccessorImpl.invoke0(Native Method)
	at java.base/jdk.internal.reflect.NativeMethodAccessorImpl.invoke(NativeMethodAccessorImpl.java:62)
	at java.base/jdk.internal.reflect.DelegatingMethodAccessorImpl.invoke(DelegatingMethodAccessorImpl.java:43)
	at java.base/java.lang.reflect.Method.invoke(Method.java:566)
	at org.testng.internal.MethodInvocationHelper.invokeMethod(MethodInvocationHelper.java:80)
	at org.testng.internal.Invoker.invokeMethod(Invoker.java:714)
	at org.testng.internal.Invoker.invokeTestMethod(Invoker.java:901)
	at org.testng.internal.Invoker.invokeTestMethods(Invoker.java:1231)
	at org.testng.internal.TestMethodWorker.invokeTestMethods(TestMethodWorker.java:127)
	at org.testng.internal.TestMethodWorker.run(TestMethodWorker.java:111)
	at org.testng.TestRunner.privateRun(TestRunner.java:767)
	at org.testng.TestRunner.run(TestRunner.java:617)
	at org.testng.SuiteRunner.runTest(SuiteRunner.java:334)
	at org.testng.SuiteRunner.runSequentially(SuiteRunner.java:329)
	at org.testng.SuiteRunner.privateRun(SuiteRunner.java:291)
	at org.testng.SuiteRunner.run(SuiteRunner.java:240)
	at org.testng.SuiteRunnerWorker.runSuite(SuiteRunnerWorker.java:52)
	at org.testng.SuiteRunnerWorker.run(SuiteRunnerWorker.java:86)
	at org.testng.TestNG.runSuitesSequentially(TestNG.java:1198)
	at org.testng.TestNG.runSuitesLocally(TestNG.java:1123)
	at org.testng.TestNG.run(TestNG.java:1031)
	at org.testng.remote.AbstractRemoteTestNG.run(AbstractRemoteTestNG.java:115)
	at org.testng.remote.RemoteTestNG.initAndRun(RemoteTestNG.java:251)
	at org.testng.remote.RemoteTestNG.main(RemoteTestNG.java:77)
]]>
            </full-stacktrace>
          </exception> <!-- org.openqa.selenium.WebDriverException -->
          <reporter-output>
          </reporter-output>
        </test-method> <!-- tc_001_launch_TDD_application -->
        <test-method is-config="true" signature="beforeTest()[pri:0, instance:stepdefinitions.Login@55cf0d14]" started-at="2021-12-29T22:52:04Z" name="beforeTest" finished-at="2021-12-29T22:52:04Z" duration-ms="0" status="PASS">
          <reporter-output>
          </reporter-output>
        </test-method> <!-- beforeTest -->
        <test-method is-config="true" signature="scrrenshot(org.testng.ITestResult)[pri:0, instance:stepdefinitions.Login@55cf0d14]" started-at="2021-12-29T22:52:07Z" name="scrrenshot" finished-at="2021-12-29T22:52:07Z" duration-ms="0" status="FAIL">
          <params>
            <param index="0">
              <value>
                <![CDATA[[TestResult name=tc_001_launch_TDD_application status=FAILURE method=Login.tc_001_launch_TDD_application()[pri:0, instance:stepdefinitions.Login@55cf0d14] output={null}]]]>
              </value>
            </param>
          </params>
          <exception class="org.openqa.selenium.NoSuchWindowException">
            <message>
              <![CDATA[no such window: window was already closed
  (Session info: chrome=96.0.4664.110)
Build info: version: '3.141.59', revision: 'e82be7d358', time: '2018-11-14T08:17:03'
System info: host: 'Josephs-MBP', ip: 'fe80:0:0:0:106a:1a69:27d3:cd6d%en0', os.name: 'Mac OS X', os.arch: 'x86_64', os.version: '10.16', java.version: '11.0.11'
Driver info: org.openqa.selenium.chrome.ChromeDriver
Capabilities {acceptInsecureCerts: false, browserName: chrome, browserVersion: 96.0.4664.110, chrome: {chromedriverVersion: 96.0.4664.45 (76e4c1bb2ab46..., userDataDir: /var/folders/n9/7mrk55ps2qq...}, goog:chromeOptions: {debuggerAddress: localhost:52784}, javascriptEnabled: true, networkConnectionEnabled: false, pageLoadStrategy: normal, platform: MAC, platformName: MAC, proxy: Proxy(), setWindowRect: true, strictFileInteractability: false, timeouts: {implicit: 0, pageLoad: 300000, script: 30000}, unhandledPromptBehavior: dismiss and notify, webauthn:extension:credBlob: true, webauthn:extension:largeBlob: true, webauthn:virtualAuthenticators: true}
Session ID: 7adc30f48ff525d5b5383089849bc0b5]]>
            </message>
            <full-stacktrace>
              <![CDATA[org.openqa.selenium.NoSuchWindowException: no such window: window was already closed
  (Session info: chrome=96.0.4664.110)
Build info: version: '3.141.59', revision: 'e82be7d358', time: '2018-11-14T08:17:03'
System info: host: 'Josephs-MBP', ip: 'fe80:0:0:0:106a:1a69:27d3:cd6d%en0', os.name: 'Mac OS X', os.arch: 'x86_64', os.version: '10.16', java.version: '11.0.11'
Driver info: org.openqa.selenium.chrome.ChromeDriver
Capabilities {acceptInsecureCerts: false, browserName: chrome, browserVersion: 96.0.4664.110, chrome: {chromedriverVersion: 96.0.4664.45 (76e4c1bb2ab46..., userDataDir: /var/folders/n9/7mrk55ps2qq...}, goog:chromeOptions: {debuggerAddress: localhost:52784}, javascriptEnabled: true, networkConnectionEnabled: false, pageLoadStrategy: normal, platform: MAC, platformName: MAC, proxy: Proxy(), setWindowRect: true, strictFileInteractability: false, timeouts: {implicit: 0, pageLoad: 300000, script: 30000}, unhandledPromptBehavior: dismiss and notify, webauthn:extension:credBlob: true, webauthn:extension:largeBlob: true, webauthn:virtualAuthenticators: true}
Session ID: 7adc30f48ff525d5b5383089849bc0b5
	at java.base/jdk.internal.reflect.NativeConstructorAccessorImpl.newInstance0(Native Method)
	at java.base/jdk.internal.reflect.NativeConstructorAccessorImpl.newInstance(NativeConstructorAccessorImpl.java:62)
	at java.base/jdk.internal.reflect.DelegatingConstructorAccessorImpl.newInstance(DelegatingConstructorAccessorImpl.java:45)
	at java.base/java.lang.reflect.Constructor.newInstance(Constructor.java:490)
	at org.openqa.selenium.remote.http.W3CHttpResponseCodec.createException(W3CHttpResponseCodec.java:187)
	at org.openqa.selenium.remote.http.W3CHttpResponseCodec.decode(W3CHttpResponseCodec.java:122)
	at org.openqa.selenium.remote.http.W3CHttpResponseCodec.decode(W3CHttpResponseCodec.java:49)
	at org.openqa.selenium.remote.HttpCommandExecutor.execute(HttpCommandExecutor.java:158)
	at org.openqa.selenium.remote.service.DriverCommandExecutor.execute(DriverCommandExecutor.java:83)
	at org.openqa.selenium.remote.RemoteWebDriver.execute(RemoteWebDriver.java:552)
	at org.openqa.selenium.remote.RemoteWebDriver.execute(RemoteWebDriver.java:609)
	at org.openqa.selenium.remote.RemoteWebDriver.getScreenshotAs(RemoteWebDriver.java:295)
	at com.utilities.GenericWrappers.takeScreenshot(GenericWrappers.java:203)
	at stepdefinitions.Login.scrrenshot(Login.java:66)
	at java.base/jdk.internal.reflect.NativeMethodAccessorImpl.invoke0(Native Method)
	at java.base/jdk.internal.reflect.NativeMethodAccessorImpl.invoke(NativeMethodAccessorImpl.java:62)
	at java.base/jdk.internal.reflect.DelegatingMethodAccessorImpl.invoke(DelegatingMethodAccessorImpl.java:43)
	at java.base/java.lang.reflect.Method.invoke(Method.java:566)
	at org.testng.internal.MethodInvocationHelper.invokeMethod(MethodInvocationHelper.java:80)
	at org.testng.internal.Invoker.invokeConfigurationMethod(Invoker.java:564)
	at org.testng.internal.Invoker.invokeConfigurations(Invoker.java:213)
	at org.testng.internal.Invoker.invokeMethod(Invoker.java:786)
	at org.testng.internal.Invoker.invokeTestMethod(Invoker.java:901)
	at org.testng.internal.Invoker.invokeTestMethods(Invoker.java:1231)
	at org.testng.internal.TestMethodWorker.invokeTestMethods(TestMethodWorker.java:127)
	at org.testng.internal.TestMethodWorker.run(TestMethodWorker.java:111)
	at org.testng.TestRunner.privateRun(TestRunner.java:767)
	at org.testng.TestRunner.run(TestRunner.java:617)
	at org.testng.SuiteRunner.runTest(SuiteRunner.java:334)
	at org.testng.SuiteRunner.runSequentially(SuiteRunner.java:329)
	at org.testng.SuiteRunner.privateRun(SuiteRunner.java:291)
	at org.testng.SuiteRunner.run(SuiteRunner.java:240)
	at org.testng.SuiteRunnerWorker.runSuite(SuiteRunnerWorker.java:52)
	at org.testng.SuiteRunnerWorker.run(SuiteRunnerWorker.java:86)
	at org.testng.TestNG.runSuitesSequentially(TestNG.java:1198)
	at org.testng.TestNG.runSuitesLocally(TestNG.java:1123)
	at org.testng.TestNG.run(TestNG.java:1031)
	at org.testng.remote.AbstractRemoteTestNG.run(AbstractRemoteTestNG.java:115)
	at org.testng.remote.RemoteTestNG.initAndRun(RemoteTestNG.java:251)
	at org.testng.remote.RemoteTestNG.main(RemoteTestNG.java:77)
]]>
            </full-stacktrace>
          </exception> <!-- org.openqa.selenium.NoSuchWindowException -->
          <reporter-output>
          </reporter-output>
        </test-method> <!-- scrrenshot -->
        <test-method is-config="true" signature="beforeTest()[pri:0, instance:stepdefinitions.Login@55cf0d14]" started-at="2021-12-29T22:52:07Z" name="beforeTest" finished-at="2021-12-29T22:52:07Z" duration-ms="0" status="SKIP">
          <reporter-output>
          </reporter-output>
        </test-method> <!-- beforeTest -->
        <test-method signature="tc_002_Click_Institution_Radion_Button()[pri:0, instance:stepdefinitions.Login@55cf0d14]" started-at="2021-12-29T22:52:07Z" name="tc_002_Click_Institution_Radion_Button" finished-at="2021-12-29T22:52:07Z" duration-ms="1" status="SKIP">
          <reporter-output>
          </reporter-output>
        </test-method> <!-- tc_002_Click_Institution_Radion_Button -->
        <test-method is-config="true" signature="scrrenshot(org.testng.ITestResult)[pri:0, instance:stepdefinitions.Login@55cf0d14]" started-at="2021-12-29T22:52:07Z" name="scrrenshot" finished-at="2021-12-29T22:52:07Z" duration-ms="0" status="SKIP">
          <reporter-output>
          </reporter-output>
        </test-method> <!-- scrrenshot -->
        <test-method is-config="true" signature="beforeTest()[pri:0, instance:stepdefinitions.Login@55cf0d14]" started-at="2021-12-29T22:52:07Z" name="beforeTest" finished-at="2021-12-29T22:52:07Z" duration-ms="0" status="SKIP">
          <reporter-output>
          </reporter-output>
        </test-method> <!-- beforeTest -->
        <test-method signature="tc_003_Click_Institution_Continue_GetMessage_Button()[pri:0, instance:stepdefinitions.Login@55cf0d14]" started-at="2021-12-29T22:52:07Z" name="tc_003_Click_Institution_Continue_GetMessage_Button" finished-at="2021-12-29T22:52:07Z" duration-ms="1" status="SKIP">
          <reporter-output>
          </reporter-output>
        </test-method> <!-- tc_003_Click_Institution_Continue_GetMessage_Button -->
        <test-method is-config="true" signature="scrrenshot(org.testng.ITestResult)[pri:0, instance:stepdefinitions.Login@55cf0d14]" started-at="2021-12-29T22:52:07Z" name="scrrenshot" finished-at="2021-12-29T22:52:07Z" duration-ms="0" status="SKIP">
          <reporter-output>
          </reporter-output>
        </test-method> <!-- scrrenshot -->
        <test-method is-config="true" signature="beforeTest()[pri:0, instance:stepdefinitions.Login@55cf0d14]" started-at="2021-12-29T22:52:07Z" name="beforeTest" finished-at="2021-12-29T22:52:07Z" duration-ms="0" status="SKIP">
          <reporter-output>
          </reporter-output>
        </test-method> <!-- beforeTest -->
        <test-method signature="tc_004_Refresh_Page()[pri:0, instance:stepdefinitions.Login@55cf0d14]" started-at="2021-12-29T22:52:07Z" name="tc_004_Refresh_Page" finished-at="2021-12-29T22:52:07Z" duration-ms="1" status="SKIP">
          <reporter-output>
          </reporter-output>
        </test-method> <!-- tc_004_Refresh_Page -->
        <test-method is-config="true" signature="scrrenshot(org.testng.ITestResult)[pri:0, instance:stepdefinitions.Login@55cf0d14]" started-at="2021-12-29T22:52:07Z" name="scrrenshot" finished-at="2021-12-29T22:52:07Z" duration-ms="0" status="SKIP">
          <reporter-output>
          </reporter-output>
        </test-method> <!-- scrrenshot -->
        <test-method is-config="true" signature="beforeTest()[pri:0, instance:stepdefinitions.Login@55cf0d14]" started-at="2021-12-29T22:52:07Z" name="beforeTest" finished-at="2021-12-29T22:52:07Z" duration-ms="0" status="SKIP">
          <reporter-output>
          </reporter-output>
        </test-method> <!-- beforeTest -->
        <test-method signature="tc_005_Type_Invalid_Address_Line2_Input()[pri:0, instance:stepdefinitions.Login@55cf0d14]" started-at="2021-12-29T22:52:07Z" name="tc_005_Type_Invalid_Address_Line2_Input" finished-at="2021-12-29T22:52:07Z" duration-ms="1" status="SKIP">
          <reporter-output>
          </reporter-output>
        </test-method> <!-- tc_005_Type_Invalid_Address_Line2_Input -->
        <test-method is-config="true" signature="scrrenshot(org.testng.ITestResult)[pri:0, instance:stepdefinitions.Login@55cf0d14]" started-at="2021-12-29T22:52:07Z" name="scrrenshot" finished-at="2021-12-29T22:52:07Z" duration-ms="0" status="SKIP">
          <reporter-output>
          </reporter-output>
        </test-method> <!-- scrrenshot -->
        <test-method is-config="true" signature="beforeTest()[pri:0, instance:stepdefinitions.Login@55cf0d14]" started-at="2021-12-29T22:52:07Z" name="beforeTest" finished-at="2021-12-29T22:52:07Z" duration-ms="0" status="SKIP">
          <reporter-output>
          </reporter-output>
        </test-method> <!-- beforeTest -->
        <test-method signature="tc_006_Type_Invalid_ZIPPIN_Input()[pri:0, instance:stepdefinitions.Login@55cf0d14]" started-at="2021-12-29T22:52:07Z" name="tc_006_Type_Invalid_ZIPPIN_Input" finished-at="2021-12-29T22:52:07Z" duration-ms="1" status="SKIP">
          <reporter-output>
          </reporter-output>
        </test-method> <!-- tc_006_Type_Invalid_ZIPPIN_Input -->
        <test-method is-config="true" signature="scrrenshot(org.testng.ITestResult)[pri:0, instance:stepdefinitions.Login@55cf0d14]" started-at="2021-12-29T22:52:07Z" name="scrrenshot" finished-at="2021-12-29T22:52:07Z" duration-ms="0" status="SKIP">
          <reporter-output>
          </reporter-output>
        </test-method> <!-- scrrenshot -->
        <test-method is-config="true" signature="beforeTest()[pri:0, instance:stepdefinitions.Login@55cf0d14]" started-at="2021-12-29T22:52:07Z" name="beforeTest" finished-at="2021-12-29T22:52:07Z" duration-ms="0" status="SKIP">
          <reporter-output>
          </reporter-output>
        </test-method> <!-- beforeTest -->
        <test-method signature="tc_007_Click_Continue_Button()[pri:0, instance:stepdefinitions.Login@55cf0d14]" started-at="2021-12-29T22:52:07Z" name="tc_007_Click_Continue_Button" finished-at="2021-12-29T22:52:07Z" duration-ms="1" status="SKIP">
          <reporter-output>
          </reporter-output>
        </test-method> <!-- tc_007_Click_Continue_Button -->
        <test-method is-config="true" signature="scrrenshot(org.testng.ITestResult)[pri:0, instance:stepdefinitions.Login@55cf0d14]" started-at="2021-12-29T22:52:07Z" name="scrrenshot" finished-at="2021-12-29T22:52:07Z" duration-ms="0" status="SKIP">
          <reporter-output>
          </reporter-output>
        </test-method> <!-- scrrenshot -->
      </class> <!-- stepdefinitions.Login -->
    </test> <!-- Default test -->
  </suite> <!-- Default suite -->
</testng-results>
